<?xml version="1.0" encoding="UTF-8"?>
<!-- Generated by org.testng.reporters.JUnitReportReporter -->
<testsuite skipped="0" hostname="DESKTOP-I8TKG2J" name="test.Rrrrrr" tests="1" failures="0" timestamp="2020-02-15T22:00:10 IST" time="11.908" errors="0">
  <testcase name="nis" time="11.908" classname="test.Rrrrrr"/>
</testsuite> <!-- test.Rrrrrr -->
