<?xml version="1.0" encoding="UTF-8"?>
<!-- Generated by org.testng.reporters.JUnitReportReporter -->
<testsuite skipped="0" hostname="DESKTOP-I8TKG2J" name="test.gdf" tests="1" failures="0" timestamp="2020-02-14T10:37:56 IST" time="5.442" errors="0">
  <testcase name="ss" time="5.442" classname="test.gdf"/>
</testsuite> <!-- test.gdf -->
