<?xml version="1.0" encoding="UTF-8"?>
<!-- Generated by org.testng.reporters.JUnitReportReporter -->
<testsuite skipped="0" hostname="DESKTOP-I8TKG2J" name="test.HatsSelectionPage" tests="2" failures="0" timestamp="2020-03-02T11:40:16 IST" time="14.050" errors="0">
  <testcase name="tc1_AddingProducts" time="11.531" classname="test.HatsSelectionPage"/>
  <testcase name="tc2_ProductRemoval" time="2.519" classname="test.HatsSelectionPage"/>
</testsuite> <!-- test.HatsSelectionPage -->
