<?xml version="1.0" encoding="UTF-8"?>
<!-- Generated by org.testng.reporters.JUnitReportReporter -->
<testsuite skipped="0" hostname="DESKTOP-I8TKG2J" name="test.LoginTest" tests="3" failures="0" timestamp="2020-02-28T11:45:41 IST" time="6.833" errors="0">
  <testcase name="tc1_loginFailed" time="2.403" classname="test.LoginTest"/>
  <testcase name="tc1_loginFailed" time="2.185" classname="test.LoginTest"/>
  <testcase name="tc2_loginPasses" time="2.245" classname="test.LoginTest"/>
</testsuite> <!-- test.LoginTest -->
